<?xml version="1.0" encoding="UTF-8"?>
<testsuite name="kr.ac.jejunu.user.UserDaoTests" tests="4" skipped="0" failures="0" errors="0" timestamp="2023-04-07T11:15:04" hostname="lh99j-MacBook-Pro" time="1.05">
  <properties/>
  <testcase name="delete()" classname="kr.ac.jejunu.user.UserDaoTests" time="0.77"/>
  <testcase name="insert()" classname="kr.ac.jejunu.user.UserDaoTests" time="0.129"/>
  <testcase name="update()" classname="kr.ac.jejunu.user.UserDaoTests" time="0.117"/>
  <testcase name="get()" classname="kr.ac.jejunu.user.UserDaoTests" time="0.024"/>
  <system-out><![CDATA[]]></system-out>
  <system-err><![CDATA[]]></system-err>
</testsuite>
