<?xml version="1.0" encoding="UTF-8"?>
<testsuite name="kr.ac.jejunu.user.UserDaoTests" tests="4" skipped="0" failures="0" errors="0" timestamp="2023-04-28T08:49:48" hostname="lh99j-MacBook-Pro" time="1.049">
  <properties/>
  <testcase name="delete()" classname="kr.ac.jejunu.user.UserDaoTests" time="0.785"/>
  <testcase name="insert()" classname="kr.ac.jejunu.user.UserDaoTests" time="0.125"/>
  <testcase name="update()" classname="kr.ac.jejunu.user.UserDaoTests" time="0.104"/>
  <testcase name="get()" classname="kr.ac.jejunu.user.UserDaoTests" time="0.028"/>
  <system-out><![CDATA[]]></system-out>
  <system-err><![CDATA[]]></system-err>
</testsuite>
