<?xml version="1.0" encoding="UTF-8"?>
<testsuite name="kr.ac.jejunu.user.UserDaoTests" tests="4" skipped="0" failures="0" errors="0" timestamp="2023-05-12T08:16:06" hostname="lh99j-MacBook-Pro" time="1.092">
  <properties/>
  <testcase name="delete()" classname="kr.ac.jejunu.user.UserDaoTests" time="0.805"/>
  <testcase name="insert()" classname="kr.ac.jejunu.user.UserDaoTests" time="0.146"/>
  <testcase name="update()" classname="kr.ac.jejunu.user.UserDaoTests" time="0.108"/>
  <testcase name="get()" classname="kr.ac.jejunu.user.UserDaoTests" time="0.026"/>
  <system-out><![CDATA[]]></system-out>
  <system-err><![CDATA[]]></system-err>
</testsuite>
